This is pdfTeX, Version 3.1415926-2.4-1.40.13 (MiKTeX 2.9) (preloaded format=pdflatex 2013.3.26)  25 OCT 2013 17:25
entering extended mode
**k_spec_pop1.tex
("C:\Users\David Schaffner\Documents\GitHub\k_spec_pop\k_spec_pop1.tex"
LaTeX2e <2011/06/27>
Babel <v3.8m> and hyphenation patterns for english, afrikaans, ancientgreek, arabic, armenian, assamese, basque, bengali
, bokmal, bulgarian, catalan, coptic, croatian, czech, danish, dutch, esperanto, estonian, farsi, finnish, french, galic
ian, german, german-x-2012-05-30, greek, gujarati, hindi, hungarian, icelandic, indonesian, interlingua, irish, italian,
 kannada, kurmanji, latin, latvian, lithuanian, malayalam, marathi, mongolian, mongolianlmc, monogreek, ngerman, ngerman
-x-2012-05-30, nynorsk, oriya, panjabi, pinyin, polish, portuguese, romanian, russian, sanskrit, serbian, slovak, sloven
ian, spanish, swedish, swissgerman, tamil, telugu, turkish, turkmen, ukenglish, ukrainian, uppersorbian, usenglishmax, w
elsh, loaded.
("C:\Users\David Schaffner\AppData\Roaming\MiKTeX\2.9\tex\latex\revtex\revtex4-1.cls"
Document Class: revtex4-1 2010/07/25/20:33:00 4.1r (http://publish.aps.org/revtex4/ for documentation)
 Copyright (c) 2009 The American Physical Society.
 mailto:revtex@aps.org
 Licensed under the LPPL:
http://www.ctan.org/tex-archive/macros/latex/base/lppl.txt
 Arthur Ogawa <arthur_ogawa at sbcglobal dot net>
 Based on work by David Carlisle <david at dcarlisle.demon.co.uk>.
ltxutil[2010/07/25/20:33:00 4.1r utilities package (portions licensed from W. E. Baxter web at superscript.com)]
LaTeX Info: Redefining \@centercr on input line 308.
Class revtex4-1 Info: Repairing broken LaTeX eqnarray on input line 358.
\eqncolsep=\skip41
Class revtex4-1 Info: Repairing hyperref-unfriendly LaTeX definition of \mpfootnote on input line 433.
Class revtex4-1 Info: Repairing broken LateX \@sect on input line 755.
\intertabularlinepenalty=\count79
\@tbpen=\count80
\@arstrutbox@hline=\box26
Class revtex4-1 Info: Repairing broken LaTeX \@xbitor on input line 1786.
Class revtex4-1 Info: Making \typeout \long on input line 2046.
ltxfront[2010/07/25/20:33:00 4.1r frontmatter package (AO,DPC)]
\c@affil=\count81
\c@collab=\count82
\absbox=\box27
ltxgrid[2010/07/25/20:33:00 4.1r page grid package (portions licensed from W. E. Baxter web at superscript.com)]
\c@linecount=\count83
\output@latex=\toks14
\box@size@1=\box28
\box@size@2=\box29
\@protection@box=\box30
\@topmark@saved=\toks15
\footins@saved=\box31
\footins@recovered=\box32
\column@recovered=\box33
\pagesofar=\box34
\footsofar=\box35
\pagegrid@col=\count84
Class revtex4-1 Info: Overriding \@vspace, \@vspacer, \@no@pgbk, \@newline, and \\  on input line 5578.
\c@part=\count85
\c@section=\count86
\c@subsection=\count87
\c@subsubsection=\count88
\c@paragraph=\count89
\c@subparagraph=\count90
\abovecaptionskip=\skip42
\belowcaptionskip=\skip43
\c@figure=\count91
\fbox@1=\box36
\c@table=\count92
\fbox@2=\box37
\c@video=\count93
\fbox@4=\box38
\@bibdataout=\write3
\widetext@top=\box39
\widetext@bot=\box40
Class revtex4-1 Info: Selecting society aip on input line 7542.
("C:\Users\David Schaffner\AppData\Roaming\MiKTeX\2.9\tex\latex\revtex\aip4-1.rtx"
File: aip4-1.rtx 2010/07/25 4.1r AIP substyle for REVTeX
Class revtex4-1 Info: RevTeX society AIP selected on input line 67.
)
Class revtex4-1 Info: Selecting journal pop on input line 7544.

Using journal substyle pop.
Class revtex4-1 Info: Reading file aps10pt4-1.rtx on input line 7547.
("C:\Users\David Schaffner\AppData\Roaming\MiKTeX\2.9\tex\latex\revtex\aps10pt4-1.rtx"
File: aps10pt4-1 2010/07/25/20:33:00 4.1r (http://publish.aps.org/revtex4/ for documentation)
Class revtex4-1 Info: RevTeX pointsize 10pt selected on input line 30.
)
Class revtex4-1 Info: Overriding 10pt on input line 7547.

("C:\Users\David Schaffner\AppData\Roaming\MiKTeX\2.9\tex\latex\textcase\textcase.sty"
Package: textcase 2004/10/07 v0.07 Text only upper/lower case changing (DPC)
)
("C:\Program Files (x86)\MiKTeX 2.9\tex\latex\amsfonts\amssymb.sty"
Package: amssymb 2013/01/14 v3.01 AMS font symbols

("C:\Program Files (x86)\MiKTeX 2.9\tex\latex\amsfonts\amsfonts.sty"
Package: amsfonts 2013/01/14 v3.01 Basic AMSFonts support
\@emptytoks=\toks16
\symAMSa=\mathgroup4
\symAMSb=\mathgroup5
LaTeX Font Info:    Overwriting math alphabet `\mathfrak' in version `bold'
(Font)                  U/euf/m/n --> U/euf/b/n on input line 106.
))
("C:\Program Files (x86)\MiKTeX 2.9\tex\latex\amsmath\amsmath.sty"
Package: amsmath 2013/01/14 v2.14 AMS math features
\@mathmargin=\skip44

For additional information on amsmath, use the `?' option.
("C:\Program Files (x86)\MiKTeX 2.9\tex\latex\amsmath\amstext.sty"
Package: amstext 2000/06/29 v2.01

("C:\Program Files (x86)\MiKTeX 2.9\tex\latex\amsmath\amsgen.sty"
File: amsgen.sty 1999/11/30 v2.0
\@emptytoks=\toks17
\ex@=\dimen102
)
LaTeX Info: Redefining \text on input line 39.
)
("C:\Program Files (x86)\MiKTeX 2.9\tex\latex\amsmath\amsbsy.sty"
Package: amsbsy 1999/11/29 v1.2d
\pmbraise@=\dimen103
)
("C:\Program Files (x86)\MiKTeX 2.9\tex\latex\amsmath\amsopn.sty"
Package: amsopn 1999/12/14 v2.01 operator names
)
\inf@bad=\count94
LaTeX Info: Redefining \frac on input line 210.
\uproot@=\count95
\leftroot@=\count96
LaTeX Info: Redefining \overline on input line 306.
\classnum@=\count97
\DOTSCASE@=\count98
LaTeX Info: Redefining \ldots on input line 378.
LaTeX Info: Redefining \dots on input line 381.
LaTeX Info: Redefining \cdots on input line 466.
\Mathstrutbox@=\box41
\strutbox@=\box42
\big@size=\dimen104
LaTeX Font Info:    Redeclaring font encoding OML on input line 566.
LaTeX Font Info:    Redeclaring font encoding OMS on input line 567.
\macc@depth=\count99
\c@MaxMatrixCols=\count100
\dotsspace@=\muskip10
\c@parentequation=\count101
\dspbrk@lvl=\count102
\tag@help=\toks18
\row@=\count103
\column@=\count104
\maxfields@=\count105
\andhelp@=\toks19
\eqnshift@=\dimen105
\alignsep@=\dimen106
\tagshift@=\dimen107
\tagwidth@=\dimen108
\totwidth@=\dimen109
\lineht@=\dimen110
\@envbody=\toks20
\multlinegap=\skip45
\multlinetaggap=\skip46
\mathdisplay@stack=\toks21
LaTeX Info: Redefining \[ on input line 2665.
LaTeX Info: Redefining \] on input line 2666.
)
("C:\Program Files (x86)\MiKTeX 2.9\tex\latex\ltxmisc\url.sty"
\Urlmuskip=\muskip11
Package: url 2006/04/12  ver 3.3  Verb mode for urls, etc.
)
("C:\Users\David Schaffner\AppData\Roaming\MiKTeX\2.9\tex\latex\natbib\natbib.sty"
Package: natbib 2010/09/13 8.31b (PWD, AO)
\bibhang=\skip47
\bibsep=\skip48
LaTeX Info: Redefining \cite on input line 694.
\c@NAT@ctr=\count106
)
Class revtex4-1 Info: Repairing natbib's \BibitemShut on input line 7549.

("C:\Users\David Schaffner\AppData\Roaming\MiKTeX\2.9\tex\latex\revtex\revsymb4-1.sty"
Package: revsymb4-1 2010/07/25/20:33:00 4.1r (http://publish.aps.org/revtex4/ for documentation)
LaTeX Info: Redefining \frak on input line 95.
LaTeX Info: Redefining \Bbb on input line 111.
LaTeX Info: Redefining \REV@mathfrak on input line 119.
))
("C:\Program Files (x86)\MiKTeX 2.9\tex\latex\graphics\graphicx.sty"
Package: graphicx 1999/02/16 v1.0f Enhanced LaTeX Graphics (DPC,SPQR)

("C:\Program Files (x86)\MiKTeX 2.9\tex\latex\graphics\keyval.sty"
Package: keyval 1999/03/16 v1.13 key=value parser (DPC)
\KV@toks@=\toks22
)
("C:\Program Files (x86)\MiKTeX 2.9\tex\latex\graphics\graphics.sty"
Package: graphics 2009/02/05 v1.0o Standard LaTeX Graphics (DPC,SPQR)

("C:\Program Files (x86)\MiKTeX 2.9\tex\latex\graphics\trig.sty"
Package: trig 1999/03/16 v1.09 sin cos tan (DPC)
)
("C:\Program Files (x86)\MiKTeX 2.9\tex\latex\00miktex\graphics.cfg"
File: graphics.cfg 2007/01/18 v1.5 graphics configuration of teTeX/TeXLive
)
Package graphics Info: Driver file: pdftex.def on input line 91.

("C:\Program Files (x86)\MiKTeX 2.9\tex\latex\pdftex-def\pdftex.def"
File: pdftex.def 2011/05/27 v0.06d Graphics/color for pdfTeX

("C:\Program Files (x86)\MiKTeX 2.9\tex\generic\oberdiek\infwarerr.sty"
Package: infwarerr 2010/04/08 v1.3 Providing info/warning/error messages (HO)
)
("C:\Program Files (x86)\MiKTeX 2.9\tex\generic\oberdiek\ltxcmds.sty"
Package: ltxcmds 2011/11/09 v1.22 LaTeX kernel commands for general use (HO)
)
\Gread@gobject=\count107
))
\Gin@req@height=\dimen111
\Gin@req@width=\dimen112
)
("C:\Program Files (x86)\MiKTeX 2.9\tex\latex\tools\dcolumn.sty"
Package: dcolumn 2001/05/28 v1.06 decimal alignment package (DPC)

("C:\Program Files (x86)\MiKTeX 2.9\tex\latex\tools\array.sty"
Package: array 2008/09/09 v2.4c Tabular extension package (FMi)
\col@sep=\dimen113
\extrarowheight=\dimen114
\NC@list=\toks23
\extratabsurround=\skip49
\backup@length=\skip50
))
("C:\Program Files (x86)\MiKTeX 2.9\tex\latex\tools\bm.sty"
Package: bm 2004/02/26 v1.1c Bold Symbol Support (DPC/FMi)
\symboldoperators=\mathgroup6
\symboldletters=\mathgroup7
\symboldsymbols=\mathgroup8
LaTeX Font Info:    Redeclaring math alphabet \mathbf on input line 138.
LaTeX Info: Redefining \bm on input line 204.
)
Class revtex4-1 Info: Patching array package. on input line 21.
Class revtex4-1 Info: Robustifying \LaTeX's \boldmath command on input line 21.
Class revtex4-1 Info: cite was not loaded (OK!) on input line 21.
Class revtex4-1 Info: mcite was not loaded (OK!) on input line 21.
Class revtex4-1 Info: multicol was not loaded (OK!) on input line 21.

("C:\Users\David Schaffner\Documents\GitHub\k_spec_pop\k_spec_pop1.aux")
LaTeX Font Info:    Checking defaults for OML/cmm/m/it on input line 21.
LaTeX Font Info:    ... okay on input line 21.
LaTeX Font Info:    Checking defaults for T1/cmr/m/n on input line 21.
LaTeX Font Info:    ... okay on input line 21.
LaTeX Font Info:    Checking defaults for OT1/cmr/m/n on input line 21.
LaTeX Font Info:    ... okay on input line 21.
LaTeX Font Info:    Checking defaults for OMS/cmsy/m/n on input line 21.
LaTeX Font Info:    ... okay on input line 21.
LaTeX Font Info:    Checking defaults for OMX/cmex/m/n on input line 21.
LaTeX Font Info:    ... okay on input line 21.
LaTeX Font Info:    Checking defaults for U/cmr/m/n on input line 21.
LaTeX Font Info:    ... okay on input line 21.

("C:\Users\David Schaffner\AppData\Roaming\MiKTeX\2.9\tex\context\base\supp-pdf.mkii"
[Loading MPS to PDF converter (version 2006.09.02).]
\scratchcounter=\count108
\scratchdimen=\dimen115
\scratchbox=\box43
\nofMPsegments=\count109
\nofMParguments=\count110
\everyMPshowfont=\toks24
\MPscratchCnt=\count111
\MPscratchDim=\dimen116
\MPnumerator=\count112
\makeMPintoPDFobject=\count113
\everyMPtoPDFconversion=\toks25
)
LaTeX Font Info:    Try loading font information for U+msa on input line 36.
 ("C:\Program Files (x86)\MiKTeX 2.9\tex\latex\amsfonts\umsa.fd"
File: umsa.fd 2013/01/14 v3.01 AMS symbols A
)
LaTeX Font Info:    Try loading font information for U+msb on input line 36.

("C:\Program Files (x86)\MiKTeX 2.9\tex\latex\amsfonts\umsb.fd"
File: umsb.fd 2013/01/14 v3.01 AMS symbols B
)

Package natbib Warning: Citation `penano00' on page 1 undefined on input line 42.


Package natbib Warning: Citation `horton04' on page 1 undefined on input line 42.


Package natbib Warning: Citation `perez06' on page 1 undefined on input line 42.

<density_vel_profs_placeholder.png, id=1, 584.1825pt x 903.375pt>
File: density_vel_profs_placeholder.png Graphic file (type png)
 <use density_vel_profs_placeholder.png>
Package pdftex.def Info: density_vel_profs_placeholder.png used on input line 54.
(pdftex.def)             Requested size: 241.84842pt x 373.99765pt.


Package natbib Warning: Citation `horton04' on page 1 undefined on input line 58.


Underfull \hbox (badness 1616) in paragraph at lines 58--59
\OMS/cmsy/m/n/10 $\OT1/cmr/m/n/10 60cm di-am-e-ter cylin-dri-cal plasma pro-duced by a
 []

[1{C:/Users/David Schaffner/AppData/Local/MiKTeX/2.9/pdftex/config/pdftex.map}]

LaTeX Warning: A float is stuck (cannot be placed); try class option [floatfix] on input line 59.

<dens_spec_limedge_zoom.png, id=19, 584.1825pt x 451.6875pt>
File: dens_spec_limedge_zoom.png Graphic file (type png)
 <use dens_spec_limedge_zoom.png>
Package pdftex.def Info: dens_spec_limedge_zoom.png used on input line 66.
(pdftex.def)             Requested size: 241.84842pt x 186.99883pt.

<Dens_Flucs_Cont_24to28cm.png, id=20, 602.25pt x 388.69215pt>
File: Dens_Flucs_Cont_24to28cm.png Graphic file (type png)
 <use Dens_Flucs_Cont_24to28cm.png>
Package pdftex.def Info: Dens_Flucs_Cont_24to28cm.png used on input line 74.
(pdftex.def)             Requested size: 241.84842pt x 156.09091pt.
 [2 <C:/Users/David Schaffner/Documents/GitHub/k_spec_pop/density_vel_profs_placeholder.png> <C:/Users/David Schaffner/D
ocuments/GitHub/k_spec_pop/dens_spec_limedge_zoom.png> <C:/Users/David Schaffner/Documents/GitHub/k_spec_pop/Dens_Flucs_
Cont_24to28cm.png>]
<dens_spec_contours_4bias_lab.png, id=24, 1054.94125pt x 1205.50375pt>
File: dens_spec_contours_4bias_lab.png Graphic file (type png)
 <use dens_spec_contours_4bias_lab.png>
Package pdftex.def Info: dens_spec_contours_4bias_lab.png used on input line 82.
(pdftex.def)             Requested size: 241.84842pt x 276.3587pt.
 [3 <C:/Users/David Schaffner/Documents/GitHub/k_spec_pop/dens_spec_contours_4bias_lab.png>]
<k_spec_byBias_lab.png, id=28, 993.82289pt x 1184.43318pt>
File: k_spec_byBias_lab.png Graphic file (type png)
 <use k_spec_byBias_lab.png>
Package pdftex.def Info: k_spec_byBias_lab.png used on input line 102.
(pdftex.def)             Requested size: 241.84842pt x 288.22775pt.
 [4 <C:/Users/David Schaffner/Documents/GitHub/k_spec_pop/k_spec_byBias_lab.png>] <m_spec_regions_lab.png, id=33, 447.67
25pt x 656.4525pt>
File: m_spec_regions_lab.png Graphic file (type png)

<use m_spec_regions_lab.png>
Package pdftex.def Info: m_spec_regions_lab.png used on input line 118.
(pdftex.def)             Requested size: 241.84842pt x 354.64935pt.

Overfull \hbox (173.75137pt too wide) in paragraph at lines 136--136
[] 
 []


Overfull \hbox (89.98245pt too wide) in paragraph at lines 145--145
[] 
 []


Overfull \hbox (13.2377pt too wide) in paragraph at lines 163--163
[] 
 []

[5 <C:/Users/David Schaffner/Documents/GitHub/k_spec_pop/m_spec_regions_lab.png>]
<growth_freq_vs_mnum_lab.png, id=38, 1054.94125pt x 451.6875pt>
File: growth_freq_vs_mnum_lab.png Graphic file (type png)
 <use growth_freq_vs_mnum_lab.png>
Package pdftex.def Info: growth_freq_vs_mnum_lab.png used on input line 196.
(pdftex.def)             Requested size: 241.84842pt x 103.54822pt.
 [6]

LaTeX Warning: A float is stuck (cannot be placed); try class option [floatfix] on input line 201.

<growth_density_20to32_lab.png, id=44, 1054.94125pt x 1205.50375pt>
File: growth_density_20to32_lab.png Graphic file (type png)
 <use growth_density_20to32_lab.png>
Package pdftex.def Info: growth_density_20to32_lab.png used on input line 204.
(pdftex.def)             Requested size: 241.84842pt x 276.3587pt.

<k_spec_edge_3bias_lab.png, id=45, 584.1825pt x 752.8125pt>
File: k_spec_edge_3bias_lab.png Graphic file (type png)
 <use k_spec_edge_3bias_lab.png>
Package pdftex.def Info: k_spec_edge_3bias_lab.png used on input line 214.
(pdftex.def)             Requested size: 241.84842pt x 311.6647pt.
 [7 <C:/Users/David Schaffner/Documents/GitHub/k_spec_pop/growth_freq_vs_mnum_lab.png> <C:/Users/David Schaffner/Documen
ts/GitHub/k_spec_pop/growth_density_20to32_lab.png> <C:/Users/David Schaffner/Documents/GitHub/k_spec_pop/k_spec_edge_3b
ias_lab.png>]
<k_spec_byRegion_lab.png, id=52, 584.1825pt x 752.8125pt>
File: k_spec_byRegion_lab.png Graphic file (type png)
 <use k_spec_byRegion_lab.png>
Package pdftex.def Info: k_spec_byRegion_lab.png used on input line 222.
(pdftex.def)             Requested size: 241.84842pt x 311.6647pt.

<growth_density_12to25_lab.png, id=53, 1054.94125pt x 1205.50375pt>
File: growth_density_12to25_lab.png Graphic file (type png)
 <use growth_density_12to25_lab.png>
Package pdftex.def Info: growth_density_12to25_lab.png used on input line 228.
(pdftex.def)             Requested size: 241.84842pt x 276.3587pt.
 [8 <C:/Users/David Schaffner/Documents/GitHub/k_spec_pop/k_spec_byRegion_lab.png>]

LaTeX Warning: A float is stuck (cannot be placed); try class option [floatfix] on input line 235.

<deltaV_over_deltaN_cohmode.png, id=57, 584.1825pt x 451.6875pt>
File: deltaV_over_deltaN_cohmode.png Graphic file (type png)
 <use deltaV_over_deltaN_cohmode.png>
Package pdftex.def Info: deltaV_over_deltaN_cohmode.png used on input line 240.
(pdftex.def)             Requested size: 241.84842pt x 186.99883pt.


LaTeX Warning: Reference `fig:vort_profiles' on page 9 undefined on input line 244.

<growth_density_27p5to31_lab.png, id=58, 1054.94125pt x 1205.50375pt>
File: growth_density_27p5to31_lab.png Graphic file (type png)
 <use growth_density_27p5to31_lab.png>
Package pdftex.def Info: growth_density_27p5to31_lab.png used on input line 248.
(pdftex.def)             Requested size: 241.84842pt x 276.3587pt.

<k_spec_KH_lab.png, id=59, 584.1825pt x 752.8125pt>
File: k_spec_KH_lab.png Graphic file (type png)
 <use k_spec_KH_lab.png>
Package pdftex.def Info: k_spec_KH_lab.png used on input line 254.
(pdftex.def)             Requested size: 241.84842pt x 311.6647pt.
 [9 <C:/Users/David Schaffner/Documents/GitHub/k_spec_pop/growth_density_12to25_lab.png> <C:/Users/David Schaffner/Docum
ents/GitHub/k_spec_pop/deltaV_over_deltaN_cohmode.png>]

LaTeX Warning: A float is stuck (cannot be placed); try class option [floatfix] on input line 259.

<k_spec_byBias_24to28_lab.png, id=63, 584.1825pt x 752.8125pt>
File: k_spec_byBias_24to28_lab.png Graphic file (type png)
 <use k_spec_byBias_24to28_lab.png>
Package pdftex.def Info: k_spec_byBias_24to28_lab.png used on input line 268.
(pdftex.def)             Requested size: 241.84842pt x 311.6647pt.

<growth_density_24to28_lab.png, id=64, 1054.94125pt x 1205.50375pt>
File: growth_density_24to28_lab.png Graphic file (type png)
 <use growth_density_24to28_lab.png>
Package pdftex.def Info: growth_density_24to28_lab.png used on input line 278.
(pdftex.def)             Requested size: 241.84842pt x 276.3587pt.
 [10 <C:/Users/David Schaffner/Documents/GitHub/k_spec_pop/growth_density_27p5to31_lab.png> <C:/Users/David Schaffner/Do
cuments/GitHub/k_spec_pop/k_spec_KH_lab.png>]

LaTeX Warning: A float is stuck (cannot be placed); try class option [floatfix] on input line 283.

<fgm_vs_bias_lab.png, id=68, 584.1825pt x 602.25pt>
File: fgm_vs_bias_lab.png Graphic file (type png)
 <use fgm_vs_bias_lab.png>
Package pdftex.def Info: fgm_vs_bias_lab.png used on input line 286.
(pdftex.def)             Requested size: 241.84842pt x 249.33176pt.
 [11 <C:/Users/David Schaffner/Documents/GitHub/k_spec_pop/k_spec_byBias_24to28_lab.png> <C:/Users/David Schaffner/Docum
ents/GitHub/k_spec_pop/growth_density_24to28_lab.png>]

LaTeX Warning: A float is stuck (cannot be placed); try class option [floatfix] on input line 293.

<eigfunc_comp.png, id=72, 580.569pt x 752.8125pt>
File: eigfunc_comp.png Graphic file (type png)
 <use eigfunc_comp.png>
Package pdftex.def Info: eigfunc_comp.png used on input line 296.
(pdftex.def)             Requested size: 241.84842pt x 313.59451pt.
 [12 <C:/Users/David Schaffner/Documents/GitHub/k_spec_pop/fgm_vs_bias_lab.png> <C:/Users/David Schaffner/Documents/GitH
ub/k_spec_pop/eigfunc_comp.png>]
("C:\Users\David Schaffner\Documents\GitHub\k_spec_pop\k_spec_pop1.bbl")

Package natbib Warning: There were undefined citations.

[13] ("C:\Users\David Schaffner\Documents\GitHub\k_spec_pop\k_spec_pop1.aux")

LaTeX Warning: There were undefined references.

 ) 
Here is how much of TeX's memory you used:
 4404 strings out of 493921
 58859 string characters out of 3144846
 163508 words of memory out of 3000000
 7629 multiletter control sequences out of 15000+200000
 16491 words of font info for 60 fonts, out of 3000000 for 9000
 841 hyphenation exceptions out of 8191
 34i,12n,28p,2462b,347s stack positions out of 5000i,500n,10000p,200000b,50000s
<C:/Program Files (x86)/MiKTeX 2.9/fonts/type1/public/amsfonts/cm/cmbx10.pfb><C:/Program Files (x86)/MiKTeX 2.9/fonts/
type1/public/amsfonts/cm/cmbx7.pfb><C:/Program Files (x86)/MiKTeX 2.9/fonts/type1/public/amsfonts/cm/cmbx8.pfb><C:/Progr
am Files (x86)/MiKTeX 2.9/fonts/type1/public/amsfonts/cm/cmex10.pfb><C:/Program Files (x86)/MiKTeX 2.9/fonts/type1/publi
c/amsfonts/cm/cmmi10.pfb><C:/Program Files (x86)/MiKTeX 2.9/fonts/type1/public/amsfonts/cm/cmmi5.pfb><C:/Program Files (
x86)/MiKTeX 2.9/fonts/type1/public/amsfonts/cm/cmmi7.pfb><C:/Program Files (x86)/MiKTeX 2.9/fonts/type1/public/amsfonts/
cm/cmr10.pfb><C:/Program Files (x86)/MiKTeX 2.9/fonts/type1/public/amsfonts/cm/cmr5.pfb><C:/Program Files (x86)/MiKTeX 2
.9/fonts/type1/public/amsfonts/cm/cmr6.pfb><C:/Program Files (x86)/MiKTeX 2.9/fonts/type1/public/amsfonts/cm/cmr7.pfb><C
:/Program Files (x86)/MiKTeX 2.9/fonts/type1/public/amsfonts/cm/cmr8.pfb><C:/Program Files (x86)/MiKTeX 2.9/fonts/type1/
public/amsfonts/cm/cmr9.pfb><C:/Program Files (x86)/MiKTeX 2.9/fonts/type1/public/amsfonts/cm/cmss10.pfb><C:/Program Fil
es (x86)/MiKTeX 2.9/fonts/type1/public/amsfonts/cm/cmss8.pfb><C:/Program Files (x86)/MiKTeX 2.9/fonts/type1/public/amsfo
nts/cm/cmssbx10.pfb><C:/Program Files (x86)/MiKTeX 2.9/fonts/type1/public/amsfonts/cm/cmsy10.pfb><C:/Program Files (x86)
/MiKTeX 2.9/fonts/type1/public/amsfonts/cm/cmsy7.pfb><C:/Program Files (x86)/MiKTeX 2.9/fonts/type1/public/amsfonts/cm/c
mti10.pfb><C:/Program Files (x86)/MiKTeX 2.9/fonts/type1/public/amsfonts/cm/cmti8.pfb><C:/Program Files (x86)/MiKTeX 2.9
/fonts/type1/public/amsfonts/cm/cmti9.pfb>
Output written on k_spec_pop1.pdf (13 pages, 36307840 bytes).
PDF statistics:
 149 PDF objects out of 1000 (max. 8388607)
 0 named destinations out of 1000 (max. 500000)
 91 words of extra memory for PDF output out of 10000 (max. 10000000)

